loss:CrossEntropyLoss(), optimizer:Adam (
Parameter Group 0
    amsgrad: False
    betas: (0.9, 0.999)
    eps: 1e-08
    lr: 0.0001
    weight_decay: 0
)times, training_accuracy, validation_accuracy, training_loss, validation_loss
1586898996.894,0.12,0.8,0.70122,0.67693,1
1586898997.377,0.96,0.92,0.66767,0.64609,1
1586898997.849,0.88,0.92,0.64974,0.62489,1
1586898998.316,0.92,0.8,0.62677,0.63358,1
1586898998.77,0.92,0.92,0.60615,0.58766,1
1586898999.23,0.84,0.92,0.60963,0.56651,1
1586898999.707,0.88,0.88,0.58168,0.56385,1
1586899000.185,0.96,0.96,0.53274,0.50495,1
1586899000.633,0.88,0.88,0.5463,0.51916,1
1586899001.132,0.8,0.92,0.56739,0.47258,1
1586899001.582,0.84,0.88,0.5265,0.48517,1
1586899002.053,0.84,0.96,0.50993,0.38741,1
1586899002.511,0.88,0.96,0.4559,0.3587,1
1586899002.977,0.84,0.96,0.48158,0.31482,1
1586899003.431,0.88,0.88,0.41604,0.39541,1
1586899003.889,0.84,0.96,0.44578,0.25784,1
1586899004.346,0.92,0.88,0.32001,0.37564,1
1586899004.804,0.96,0.84,0.22577,0.44049,1
1586899005.267,0.92,0.84,0.28503,0.46104,1
1586899005.743,0.96,0.88,0.21307,0.38684,1
1586899006.251,0.92,1.0,0.27453,0.04925,1
1586899006.703,0.92,0.8,0.29035,0.674,1
1586899007.164,0.88,0.96,0.42007,0.16867,1
1586899007.612,0.96,0.84,0.16555,0.58526,1
1586899008.077,0.84,0.8,0.5934,0.70221,1
1586899008.529,0.92,0.72,0.30447,0.95563,1
1586899008.993,0.8,1.0,0.70022,0.04511,1
1586899009.455,0.92,0.96,0.28615,0.17213,1
1586899009.915,0.8,0.96,0.64074,0.17047,1
1586899010.369,0.8,0.88,0.59402,0.37203,1
1586899010.829,0.96,0.92,0.17963,0.28389,1
1586899011.314,0.92,0.96,0.28061,0.19937,1
1586899011.779,0.84,0.84,0.45261,0.43671,1
1586899012.223,0.88,0.92,0.3699,0.29705,1
1586899012.668,1.0,0.88,0.14991,0.37102,1
1586899013.134,0.84,0.8,0.43965,0.52105,1
1586899013.587,0.84,0.92,0.44951,0.30139,1
1586899014.055,0.84,0.8,0.43938,0.5214,1
1586899014.506,0.84,0.88,0.43878,0.37374,1
1586899014.976,0.84,0.96,0.44017,0.2577,1
1586899015.432,0.84,0.76,0.44414,0.55799,1
1586899015.914,1.0,0.8,0.20065,0.49866,1
1586899016.381,0.84,0.88,0.44088,0.37524,1
1586899016.838,0.88,0.96,0.37979,0.25519,1
1586899017.29,0.96,0.96,0.25249,0.24928,1
1586899017.747,0.84,0.84,0.44057,0.44297,1
1586899018.198,0.92,0.92,0.30688,0.30487,1
1586899018.641,0.92,0.92,0.30639,0.29806,1
1586899019.101,0.88,0.88,0.36645,0.37331,1
1586899019.546,0.88,0.92,0.36838,0.28983,1
1586899020.011,0.76,0.88,0.59222,0.36579,1
1586899020.475,0.92,0.92,0.29486,0.28776,1
1586899020.959,0.84,0.92,0.46783,0.28801,1
1586899021.422,0.96,0.96,0.20557,0.2027,1
1586899021.884,0.84,0.8,0.45024,0.53078,1
1586899022.337,0.88,0.92,0.36285,0.28523,1
1586899022.811,0.88,0.68,0.36598,0.78614,1
1586899023.264,0.88,0.92,0.36669,0.28228,1
1586899023.708,0.96,0.72,0.19908,0.7124,1
1586899024.128,0.84,0.9231,0.45292,0.27026,1
1586899024.584,0.8,0.8,0.53637,0.53663,2
1586899025.041,1.0,0.92,0.10958,0.29746,2
1586899025.501,0.88,0.92,0.36822,0.28591,2
1586899025.981,0.96,0.8,0.19418,0.54289,2
1586899026.446,0.88,0.92,0.37003,0.27738,2
1586899026.905,0.68,0.92,0.81284,0.28161,2
1586899027.358,0.96,0.88,0.19771,0.37178,2
1586899027.812,0.72,0.96,0.69966,0.19968,2
1586899028.268,0.92,0.88,0.28752,0.36198,2
1586899028.709,0.88,0.92,0.36451,0.28457,2
1586899029.172,0.88,0.88,0.35972,0.38005,2
1586899029.62,0.84,0.96,0.44202,0.21905,2
1586899030.087,0.88,0.96,0.36288,0.22498,2
1586899030.54,0.88,0.96,0.36494,0.2207,2
1586899031.021,0.88,0.88,0.36517,0.36999,2
1586899031.487,0.92,0.96,0.30017,0.22796,2
1586899031.954,0.92,0.88,0.29893,0.37327,2
1586899032.411,0.92,0.84,0.29723,0.43495,2
1586899032.879,0.92,0.84,0.29279,0.43628,2
1586899033.344,0.76,0.88,0.59186,0.36865,2
1586899033.831,0.84,1.0,0.44372,0.14375,2
1586899034.334,0.88,0.8,0.36939,0.51319,2
1586899034.851,0.96,0.96,0.21627,0.21414,2
1586899035.306,1.0,0.84,0.14008,0.44689,2
1586899035.757,0.88,0.8,0.36605,0.52564,2
1586899036.235,0.92,0.72,0.29368,0.70127,2
1586899036.676,0.92,1.0,0.28583,0.11012,2
1586899037.142,0.84,0.96,0.44936,0.19531,2
1586899037.58,0.96,0.96,0.19064,0.18593,2
1586899038.033,0.92,0.88,0.28144,0.36932,2
1586899038.48,0.88,0.92,0.37149,0.282,2
1586899038.966,0.92,0.96,0.2863,0.18089,2
1586899039.425,0.96,0.84,0.18429,0.4678,2
1586899039.874,0.92,0.92,0.27644,0.28017,2
1586899040.345,0.88,0.88,0.38569,0.38409,2
1586899040.796,0.88,0.8,0.3884,0.60566,2
1586899041.288,0.92,0.92,0.28335,0.27276,2
1586899041.729,0.8,0.8,0.621,0.61611,2
1586899042.195,0.88,0.88,0.372,0.36845,2
1586899042.637,0.88,0.96,0.37752,0.18775,2
1586899043.099,0.84,0.76,0.46358,0.62517,2
1586899043.56,0.88,0.8,0.36384,0.53143,2
1586899044.014,0.88,0.88,0.367,0.36154,2
1586899044.476,0.8,0.96,0.52227,0.21402,2
1586899044.927,0.88,0.96,0.36662,0.22116,2
1586899045.395,1.0,0.84,0.14678,0.44363,2
1586899045.855,0.8,0.92,0.51083,0.29923,2
1586899046.362,0.84,0.92,0.44022,0.30087,2
1586899046.811,0.88,0.88,0.36603,0.37611,2
1586899047.262,0.96,0.92,0.23955,0.30323,2
1586899047.704,1.0,0.88,0.16975,0.37019,2
1586899048.173,0.84,0.92,0.43664,0.30008,2
1586899048.615,0.88,0.92,0.36772,0.29897,2
1586899049.066,0.92,0.96,0.29829,0.22148,2
1586899049.546,0.92,0.8,0.29636,0.51642,2
1586899050.004,0.76,0.92,0.58735,0.29228,2
1586899050.479,0.92,0.68,0.29005,0.75281,2
1586899051.012,0.96,0.92,0.21479,0.28596,2
1586899051.629,0.88,0.72,0.36748,0.69436,2
1586899052.07,0.84,0.9231,0.44984,0.27334,2
