loss:CrossEntropyLoss(), optimizer:Adam (
Parameter Group 0
    amsgrad: False
    betas: (0.9, 0.999)
    eps: 1e-08
    lr: 0.0001
    weight_decay: 0
)times, training_accuracy, validation_accuracy, training_loss, validation_loss
1586898020.87,0.04,0.96,0.70295,0.66612,1
1586898021.531,0.84,0.8,0.67381,0.65842,1
1586898022.151,0.88,0.92,0.64977,0.62166,1
1586898022.721,0.96,0.84,0.61703,0.62004,1
1586898023.356,0.88,0.92,0.6131,0.58185,1
1586898024.032,0.8,0.88,0.6155,0.5737,1
1586898024.726,0.92,1.0,0.55634,0.48964,1
1586898025.481,0.84,0.96,0.57619,0.48805,2
1586898026.217,0.88,0.8,0.52963,0.55881,2
1586898026.945,0.92,0.92,0.48672,0.4498,2
1586898027.658,0.96,0.84,0.42295,0.48613,2
1586898028.344,0.84,0.92,0.49977,0.40294,2
1586898029.052,0.92,0.88,0.41111,0.41601,2
1586898029.585,0.88,1.0,0.4348,0.20243,2
1586898030.204,0.92,0.96,0.33467,0.25079,3
1586898030.931,0.96,0.8,0.24722,0.5228,3
1586898031.608,0.88,0.92,0.38565,0.27054,3
1586898032.153,0.84,0.84,0.51732,0.43746,3
1586898032.635,0.8,0.92,0.53824,0.31066,3
1586898033.124,0.88,0.88,0.39486,0.39013,3
1586898033.515,0.92,1.0,0.2994,0.06137,3
1586898034.011,0.92,0.96,0.26732,0.1777,4
1586898034.472,0.92,0.8,0.30466,0.60034,4
1586898034.953,0.88,0.92,0.38,0.26624,4
1586898035.409,0.92,0.84,0.27955,0.4628,4
1586898035.902,0.84,0.92,0.50443,0.3052,4
1586898036.37,0.88,0.88,0.37067,0.38524,4
1586898036.76,0.92,1.0,0.27011,0.07635,4
1586898037.228,0.92,0.96,0.27973,0.18728,5
1586898037.687,0.88,0.8,0.3769,0.55328,5
1586898038.161,0.92,0.92,0.2941,0.27168,5
1586898038.78,1.0,0.84,0.11019,0.43992,5
1586898039.383,0.76,0.92,0.6333,0.2991,5
1586898040.005,0.96,0.88,0.19152,0.37314,5
1586898040.499,0.88,1.0,0.37351,0.10553,5
1586898041.055,0.8,0.96,0.54555,0.20495,6
1586898041.512,0.92,0.8,0.29802,0.52738,6
1586898041.964,0.88,0.92,0.36573,0.28219,6
1586898042.419,0.84,0.84,0.43051,0.43214,6
1586898042.886,0.76,0.92,0.59299,0.30536,6
1586898043.344,0.92,0.88,0.31192,0.3722,6
1586898043.735,0.96,1.0,0.22445,0.14501,6
1586898044.194,1.0,0.96,0.15358,0.2227,7
1586898044.657,0.92,0.8,0.29183,0.51843,7
1586898045.116,1.0,0.92,0.14371,0.28259,7
1586898045.573,0.96,0.84,0.21471,0.43765,7
1586898046.065,0.88,0.92,0.36181,0.2946,7
1586898046.518,0.88,0.88,0.38367,0.37386,7
1586898046.902,0.88,1.0,0.38143,0.08696,7
1586898047.363,0.92,0.96,0.27373,0.18394,8
1586898047.828,0.8,0.8,0.57866,0.56454,8
1586898048.288,0.96,0.92,0.18134,0.27129,8
1586898048.752,0.92,0.84,0.27379,0.45886,8
1586898049.21,0.88,0.92,0.43209,0.29122,8
1586898049.671,0.84,0.88,0.48867,0.37711,8
1586898050.048,0.84,1.0,0.46346,0.09074,8
1586898050.506,1.0,0.96,0.09964,0.18991,9
1586898051.001,0.96,0.8,0.20209,0.55197,9
1586898051.46,0.84,0.92,0.45485,0.27554,9
1586898051.928,0.84,0.84,0.45651,0.44859,9
1586898052.383,0.88,0.92,0.37456,0.28964,9
1586898052.855,0.8,0.88,0.5339,0.37006,9
1586898053.234,0.88,1.0,0.35989,0.12372,9
1586898053.724,0.88,0.96,0.37102,0.21386,10
1586898054.177,0.92,0.8,0.29126,0.52016,10
1586898054.635,0.84,0.92,0.44485,0.29164,10
1586898055.082,0.88,0.84,0.37133,0.43795,10
1586898055.53,0.84,0.92,0.43923,0.30251,10
1586898056.016,0.84,0.88,0.44184,0.37287,10
1586898056.397,0.92,1.0,0.30347,0.16099,10
1586898056.865,0.96,0.96,0.23524,0.23292,11
1586898057.317,0.84,0.8,0.43749,0.51243,11
1586898057.776,0.8,0.92,0.50894,0.29883,11
1586898058.235,0.88,0.84,0.36937,0.43964,11
1586898058.688,0.8,0.92,0.51465,0.30301,11
1586898059.14,0.92,0.88,0.3028,0.37305,11
1586898059.509,0.96,1.0,0.23017,0.15096,11
1586898059.978,0.88,0.96,0.36305,0.22388,12
1586898060.427,0.92,0.8,0.29592,0.52213,12
1586898060.921,0.76,0.92,0.59842,0.29007,12
1586898061.381,0.88,0.84,0.36583,0.44483,12
1586898061.84,0.92,0.92,0.28898,0.29136,12
1586898062.299,0.92,0.88,0.28735,0.37105,12
1586898062.681,0.84,1.0,0.44772,0.12024,12
1586898063.14,0.92,0.96,0.27353,0.20493,13
1586898063.593,0.92,0.8,0.28882,0.54103,13
1586898064.041,0.96,0.92,0.1968,0.28104,13
1586898064.489,0.84,0.84,0.44152,0.46029,13
1586898064.947,0.76,0.92,0.63885,0.28459,13
1586898065.398,1.0,0.88,0.10303,0.37512,13
1586898065.811,0.88,1.0,0.37135,0.0988,13
1586898066.287,0.84,0.96,0.45902,0.19651,14
1586898066.756,0.84,0.8,0.46092,0.54703,14
1586898067.231,0.8,0.92,0.54753,0.28415,14
1586898067.697,0.92,0.84,0.26631,0.45113,14
1586898068.151,0.84,0.92,0.45039,0.29062,14
1586898068.612,0.96,0.88,0.21118,0.37255,14
1586898068.985,0.92,1.0,0.28921,0.13378,14
1586898069.442,0.92,0.96,0.28931,0.21843,15
1586898069.912,0.8,0.8,0.50305,0.52495,15
1586898070.359,0.84,0.92,0.45265,0.29389,15
1586898070.844,0.88,0.84,0.37057,0.44652,15
1586898071.306,0.92,0.92,0.30035,0.29518,15
1586898071.769,0.88,0.88,0.3688,0.37342,15
1586898072.144,0.88,1.0,0.36783,0.14077,15
1586898072.61,0.88,0.96,0.3824,0.22276,16
1586898073.057,0.88,0.8,0.367,0.52375,16
1586898073.518,0.84,0.92,0.4433,0.29303,16
1586898073.971,0.84,0.84,0.42387,0.44668,16
1586898074.417,0.84,0.92,0.44505,0.29481,16
1586898074.877,1.0,0.88,0.14337,0.37276,16
1586898075.246,0.92,1.0,0.2949,0.13159,16
1586898075.73,0.88,0.96,0.37006,0.21394,17
1586898076.203,0.96,0.8,0.20706,0.53589,17
1586898076.661,0.84,0.92,0.42995,0.28505,17
1586898077.109,0.84,0.84,0.45542,0.4561,17
1586898077.57,0.76,0.92,0.62758,0.28679,17
1586898078.018,1.0,0.88,0.11897,0.3733,17
1586898078.406,0.88,1.0,0.34927,0.11335,17
1586898078.877,0.88,0.96,0.37037,0.20538,18
1586898079.326,0.8,0.8,0.53779,0.53798,18
1586898079.785,0.84,0.92,0.40536,0.2877,18
1586898080.244,0.8,0.84,0.53751,0.4506,18
1586898080.726,0.84,0.92,0.4375,0.29274,18
1586898081.205,0.92,0.88,0.30286,0.37408,18
1586898081.605,0.96,1.0,0.21741,0.14473,18
1586898082.069,0.8,0.96,0.51671,0.2298,19
1586898082.517,0.84,0.8,0.44183,0.51734,19
1586898082.985,0.88,0.92,0.37376,0.3017,19
1586898083.44,0.92,0.84,0.29587,0.4461,19
1586898083.912,0.92,0.92,0.2988,0.29889,19
1586898084.368,0.92,0.88,0.30067,0.37501,19
1586898084.78,0.8,1.0,0.49466,0.14843,19
1586898085.25,0.84,0.96,0.44843,0.22907,20
1586898085.756,0.92,0.8,0.29444,0.52202,20
1586898086.246,0.8,0.92,0.52595,0.29674,20
1586898086.757,0.84,0.84,0.44904,0.44813,20
1586898087.242,0.96,0.92,0.22791,0.29395,20
1586898087.758,0.96,0.88,0.22497,0.37379,20
1586898088.195,0.68,1.0,0.73513,0.13759,20
1586898088.805,0.92,0.96,0.29525,0.22239,21
1586898089.363,0.96,0.8,0.21695,0.52688,21
1586898089.962,0.96,0.92,0.22044,0.29009,21
1586898090.522,0.92,0.84,0.30032,0.45439,21
1586898091.23,0.8,0.92,0.53065,0.2861,21
1586898091.874,0.76,0.88,0.61747,0.37322,21
1586898092.504,0.8,1.0,0.53505,0.12646,21
1586898093.12,0.88,0.96,0.37115,0.21751,22
1586898093.717,0.84,0.8,0.44925,0.52212,22
1586898094.371,0.92,0.92,0.29748,0.29536,22
1586898095.301,1.0,0.84,0.1499,0.44594,22
1586898096.047,0.92,0.92,0.29588,0.29215,22
1586898096.735,0.96,0.88,0.21537,0.3716,22
1586898097.311,0.96,1.0,0.20193,0.12321,22
1586898098.007,0.84,0.96,0.44981,0.20519,23
1586898098.657,0.88,0.8,0.36931,0.5409,23
1586898099.316,0.96,0.92,0.19921,0.28167,23
1586898100.248,0.88,0.84,0.37226,0.46255,23
1586898101.324,0.8,0.92,0.53465,0.28127,23
1586898102.385,0.84,0.88,0.46907,0.37475,23
1586898103.168,0.88,1.0,0.36793,0.10287,23
1586898103.982,0.92,0.96,0.28487,0.19714,24
1586898104.535,0.8,0.8,0.54746,0.54131,24
1586898105.007,0.8,0.92,0.54553,0.28537,24
1586898105.6,0.88,0.84,0.36839,0.44797,24
1586898106.305,0.88,0.92,0.36983,0.29047,24
1586898107.015,0.92,0.88,0.29207,0.37052,24
1586898107.4,0.96,1.0,0.2167,0.14397,24
1586898107.876,0.6,0.96,0.87697,0.2283,25
1586898108.339,0.88,0.8,0.37029,0.50937,25
1586898108.803,0.84,0.92,0.44261,0.3063,25
1586898109.326,0.76,0.84,0.57496,0.44103,25
1586898109.982,0.88,0.92,0.37612,0.31592,25
1586898110.636,0.72,0.88,0.62757,0.38429,25
1586898111.19,0.88,1.0,0.3831,0.21541,25
